<?xml version="1.0" encoding="UTF-8"?>
<coverage generated="1647540595688" clover="3.2.0">
  <project timestamp="1647540595688" name="All files">
    <metrics statements="36" coveredstatements="36" conditionals="2" coveredconditionals="2" methods="10" coveredmethods="10" elements="48" coveredelements="48" complexity="0" loc="36" ncloc="36" packages="1" files="4" classes="4"/>
    <file name="AureliaConfiguration.ts" path="D:\dev\aurelia2\au2-plugins-monorepo\packages\au2-configuration\src\AureliaConfiguration.ts">
      <metrics statements="20" coveredstatements="20" conditionals="2" coveredconditionals="2" methods="5" coveredmethods="5"/>
      <line num="1" count="2" type="stmt"/>
      <line num="2" count="2" type="stmt"/>
      <line num="3" count="2" type="stmt"/>
      <line num="4" count="2" type="stmt"/>
      <line num="5" count="2" type="stmt"/>
      <line num="12" count="2" type="stmt"/>
      <line num="14" count="2" type="stmt"/>
      <line num="19" count="3" type="stmt"/>
      <line num="20" count="3" type="stmt"/>
      <line num="21" count="3" type="stmt"/>
      <line num="25" count="2" type="stmt"/>
      <line num="29" count="3" type="stmt"/>
      <line num="30" count="3" type="stmt"/>
      <line num="34" count="2" type="stmt"/>
      <line num="35" count="2" type="stmt"/>
      <line num="37" count="2" type="stmt"/>
      <line num="38" count="2" type="cond" truecount="2" falsecount="0"/>
      <line num="39" count="1" type="stmt"/>
      <line num="41" count="1" type="stmt"/>
      <line num="44" count="1" type="stmt"/>
    </file>
    <file name="AureliaConfigurationConfiguration.ts" path="D:\dev\aurelia2\au2-plugins-monorepo\packages\au2-configuration\src\AureliaConfigurationConfiguration.ts">
      <metrics statements="11" coveredstatements="11" conditionals="0" coveredconditionals="0" methods="4" coveredmethods="4"/>
      <line num="1" count="1" type="stmt"/>
      <line num="2" count="1" type="stmt"/>
      <line num="3" count="1" type="stmt"/>
      <line num="4" count="1" type="stmt"/>
      <line num="6" count="1" type="stmt"/>
      <line num="9" count="2" type="stmt"/>
      <line num="11" count="1" type="stmt"/>
      <line num="16" count="1" type="stmt"/>
      <line num="20" count="1" type="stmt"/>
      <line num="21" count="1" type="stmt"/>
      <line num="26" count="1" type="stmt"/>
    </file>
    <file name="AureliaConfigurationOptions.ts" path="D:\dev\aurelia2\au2-plugins-monorepo\packages\au2-configuration\src\AureliaConfigurationOptions.ts">
      <metrics statements="3" coveredstatements="3" conditionals="0" coveredconditionals="0" methods="0" coveredmethods="0"/>
      <line num="2" count="3" type="stmt"/>
      <line num="9" count="3" type="stmt"/>
      <line num="11" count="3" type="stmt"/>
    </file>
    <file name="UrlFactory.ts" path="D:\dev\aurelia2\au2-plugins-monorepo\packages\au2-configuration\src\UrlFactory.ts">
      <metrics statements="2" coveredstatements="2" conditionals="0" coveredconditionals="0" methods="1" coveredmethods="1"/>
      <line num="5" count="3" type="stmt"/>
      <line num="7" count="4" type="stmt"/>
    </file>
  </project>
</coverage>
