{"D:\\dev\\aurelia2\\au2-plugins-monorepo\\packages\\au2-configuration\\src\\AureliaConfiguration.ts": {"path":"D:\\dev\\aurelia2\\au2-plugins-monorepo\\packages\\au2-configuration\\src\\AureliaConfiguration.ts","statementMap":{"0":{"start":{"line":1,"column":0},"end":{"line":1,"column":49}},"1":{"start":{"line":2,"column":0},"end":{"line":2,"column":57}},"2":{"start":{"line":3,"column":0},"end":{"line":3,"column":52}},"3":{"start":{"line":4,"column":0},"end":{"line":4,"column":77}},"4":{"start":{"line":5,"column":0},"end":{"line":5,"column":40}},"5":{"start":{"line":12,"column":13},"end":{"line":12,"column":104}},"6":{"start":{"line":14,"column":0},"end":{"line":46,"column":null}},"7":{"start":{"line":19,"column":23},"end":{"line":19,"column":29}},"8":{"start":{"line":20,"column":40},"end":{"line":20,"column":50}},"9":{"start":{"line":21,"column":19},"end":{"line":21,"column":24}},"10":{"start":{"line":25,"column":2},"end":{"line":25,"column":45}},"11":{"start":{"line":29,"column":15},"end":{"line":29,"column":80}},"12":{"start":{"line":30,"column":2},"end":{"line":30,"column":34}},"13":{"start":{"line":34,"column":19},"end":{"line":34,"column":33}},"14":{"start":{"line":35,"column":22},"end":{"line":35,"column":32}},"15":{"start":{"line":37,"column":2},"end":{"line":43,"column":5}},"16":{"start":{"line":38,"column":3},"end":{"line":42,"column":null}},"17":{"start":{"line":39,"column":4},"end":{"line":39,"column":39}},"18":{"start":{"line":41,"column":4},"end":{"line":41,"column":49}},"19":{"start":{"line":44,"column":2},"end":{"line":44,"column":23}},"20":{"start":{"line":14,"column":13},"end":{"line":46,"column":null}},"21":{"start":{"line":14,"column":13},"end":{"line":14,"column":33}}},"fnMap":{"0":{"name":"(anonymous_3)","decl":{"start":{"line":18,"column":1},"end":{"line":18,"column":null}},"loc":{"start":{"line":21,"column":31},"end":{"line":22,"column":6}}},"1":{"name":"(anonymous_4)","decl":{"start":{"line":24,"column":1},"end":{"line":24,"column":6}},"loc":{"start":{"line":24,"column":22},"end":{"line":26,"column":2}}},"2":{"name":"(anonymous_5)","decl":{"start":{"line":28,"column":1},"end":{"line":28,"column":6}},"loc":{"start":{"line":28,"column":11},"end":{"line":31,"column":2}}},"3":{"name":"(anonymous_6)","decl":{"start":{"line":33,"column":1},"end":{"line":33,"column":13}},"loc":{"start":{"line":33,"column":45},"end":{"line":45,"column":2}}},"4":{"name":"(anonymous_7)","decl":{"start":{"line":37,"column":19},"end":{"line":37,"column":22}},"loc":{"start":{"line":37,"column":25},"end":{"line":43,"column":3}}}},"branchMap":{"0":{"loc":{"start":{"line":38,"column":3},"end":{"line":42,"column":null}},"type":"if","locations":[{"start":{"line":38,"column":3},"end":{"line":42,"column":null}},{"start":{"line":40,"column":10},"end":{"line":42,"column":null}}]}},"s":{"0":2,"1":2,"2":2,"3":2,"4":2,"5":2,"6":2,"7":3,"8":3,"9":3,"10":2,"11":3,"12":3,"13":2,"14":2,"15":2,"16":2,"17":1,"18":1,"19":1,"20":2,"21":2},"f":{"0":3,"1":2,"2":3,"3":2,"4":2},"b":{"0":[1,1]}}
,"D:\\dev\\aurelia2\\au2-plugins-monorepo\\packages\\au2-configuration\\src\\AureliaConfigurationConfiguration.ts": {"path":"D:\\dev\\aurelia2\\au2-plugins-monorepo\\packages\\au2-configuration\\src\\AureliaConfigurationConfiguration.ts","statementMap":{"0":{"start":{"line":1,"column":0},"end":{"line":1,"column":59}},"1":{"start":{"line":2,"column":0},"end":{"line":2,"column":34}},"2":{"start":{"line":3,"column":0},"end":{"line":3,"column":83}},"3":{"start":{"line":4,"column":0},"end":{"line":4,"column":113}},"4":{"start":{"line":6,"column":13},"end":{"line":6,"column":80}},"5":{"start":{"line":9,"column":2},"end":{"line":28,"column":4}},"6":{"start":{"line":11,"column":65},"end":{"line":14,"column":6}},"7":{"start":{"line":16,"column":4},"end":{"line":23,"column":6}},"8":{"start":{"line":20,"column":6},"end":{"line":20,"column":42}},"9":{"start":{"line":21,"column":6},"end":{"line":21,"column":26}},"10":{"start":{"line":26,"column":4},"end":{"line":26,"column":47}}},"fnMap":{"0":{"name":"createAureliaConfiguration","decl":{"start":{"line":8,"column":10},"end":{"line":8,"column":36}},"loc":{"start":{"line":8,"column":84},"end":{"line":29,"column":2}}},"1":{"name":"(anonymous_1)","decl":{"start":{"line":10,"column":3},"end":{"line":10,"column":11}},"loc":{"start":{"line":10,"column":33},"end":{"line":24,"column":4}}},"2":{"name":"(anonymous_2)","decl":{"start":{"line":19,"column":49},"end":{"line":19,"column":54}},"loc":{"start":{"line":19,"column":64},"end":{"line":22,"column":6}}},"3":{"name":"(anonymous_3)","decl":{"start":{"line":25,"column":3},"end":{"line":25,"column":12}},"loc":{"start":{"line":25,"column":60},"end":{"line":27,"column":4}}}},"branchMap":{},"s":{"0":1,"1":1,"2":1,"3":1,"4":1,"5":2,"6":1,"7":1,"8":1,"9":1,"10":1},"f":{"0":2,"1":1,"2":1,"3":1},"b":{}}
,"D:\\dev\\aurelia2\\au2-plugins-monorepo\\packages\\au2-configuration\\src\\AureliaConfigurationOptions.ts": {"path":"D:\\dev\\aurelia2\\au2-plugins-monorepo\\packages\\au2-configuration\\src\\AureliaConfigurationOptions.ts","statementMap":{"0":{"start":{"line":2,"column":0},"end":{"line":2,"column":37}},"1":{"start":{"line":9,"column":13},"end":{"line":9,"column":125}},"2":{"start":{"line":11,"column":13},"end":{"line":14,"column":null}}},"fnMap":{},"branchMap":{},"s":{"0":3,"1":3,"2":3},"f":{},"b":{}}
,"D:\\dev\\aurelia2\\au2-plugins-monorepo\\packages\\au2-configuration\\src\\UrlFactory.ts": {"path":"D:\\dev\\aurelia2\\au2-plugins-monorepo\\packages\\au2-configuration\\src\\UrlFactory.ts","statementMap":{"0":{"start":{"line":7,"column":2},"end":{"line":7,"column":69}},"1":{"start":{"line":5,"column":0},"end":{"line":5,"column":13}}},"fnMap":{"0":{"name":"(anonymous_0)","decl":{"start":{"line":6,"column":1},"end":{"line":6,"column":7}},"loc":{"start":{"line":6,"column":67},"end":{"line":8,"column":2}}}},"branchMap":{},"s":{"0":4,"1":3},"f":{"0":4},"b":{}}
}
