TN:
SF:src\AureliaConfiguration.ts
FN:18,(anonymous_3)
FN:24,(anonymous_4)
FN:28,(anonymous_5)
FN:33,(anonymous_6)
FN:37,(anonymous_7)
FNF:5
FNH:5
FNDA:3,(anonymous_3)
FNDA:2,(anonymous_4)
FNDA:3,(anonymous_5)
FNDA:2,(anonymous_6)
FNDA:2,(anonymous_7)
DA:1,2
DA:2,2
DA:3,2
DA:4,2
DA:5,2
DA:12,2
DA:14,2
DA:19,3
DA:20,3
DA:21,3
DA:25,2
DA:29,3
DA:30,3
DA:34,2
DA:35,2
DA:37,2
DA:38,2
DA:39,1
DA:41,1
DA:44,1
LF:20
LH:20
BRDA:38,0,0,1
BRDA:38,0,1,1
BRF:2
BRH:2
end_of_record
TN:
SF:src\AureliaConfigurationConfiguration.ts
FN:8,createAureliaConfiguration
FN:10,(anonymous_1)
FN:19,(anonymous_2)
FN:25,(anonymous_3)
FNF:4
FNH:4
FNDA:2,createAureliaConfiguration
FNDA:1,(anonymous_1)
FNDA:1,(anonymous_2)
FNDA:1,(anonymous_3)
DA:1,1
DA:2,1
DA:3,1
DA:4,1
DA:6,1
DA:9,2
DA:11,1
DA:16,1
DA:20,1
DA:21,1
DA:26,1
LF:11
LH:11
BRF:0
BRH:0
end_of_record
TN:
SF:src\AureliaConfigurationOptions.ts
FNF:0
FNH:0
DA:2,3
DA:9,3
DA:11,3
LF:3
LH:3
BRF:0
BRH:0
end_of_record
TN:
SF:src\UrlFactory.ts
FN:6,(anonymous_0)
FNF:1
FNH:1
FNDA:4,(anonymous_0)
DA:5,3
DA:7,4
LF:2
LH:2
BRF:0
BRH:0
end_of_record
